{"C:\\Users\\Mulinho\\Documents\\CURSOR\\yap-chat-backend\\src\\config\\env.ts": {"path":"C:\\Users\\Mulinho\\Documents\\CURSOR\\yap-chat-backend\\src\\config\\env.ts","statementMap":{"0":{"start":{"line":1,"column":0},"end":{"line":1,"column":28}},"1":{"start":{"line":2,"column":0},"end":{"line":2,"column":16}},"2":{"start":{"line":16,"column":26},"end":{"line":26,"column":2}},"3":{"start":{"line":29,"column":0},"end":{"line":31,"column":1}},"4":{"start":{"line":30,"column":2},"end":{"line":30,"column":60}},"5":{"start":{"line":33,"column":0},"end":{"line":33,"column":22}}},"fnMap":{},"branchMap":{"0":{"loc":{"start":{"line":17,"column":17},"end":{"line":17,"column":43}},"type":"binary-expr","locations":[{"start":{"line":17,"column":17},"end":{"line":17,"column":33}},{"start":{"line":17,"column":37},"end":{"line":17,"column":43}}]},"1":{"loc":{"start":{"line":18,"column":9},"end":{"line":18,"column":38}},"type":"binary-expr","locations":[{"start":{"line":18,"column":9},"end":{"line":18,"column":32}},{"start":{"line":18,"column":36},"end":{"line":18,"column":38}}]},"2":{"loc":{"start":{"line":19,"column":13},"end":{"line":19,"column":41}},"type":"binary-expr","locations":[{"start":{"line":19,"column":13},"end":{"line":19,"column":35}},{"start":{"line":19,"column":39},"end":{"line":19,"column":41}}]},"3":{"loc":{"start":{"line":20,"column":13},"end":{"line":20,"column":46}},"type":"binary-expr","locations":[{"start":{"line":20,"column":13},"end":{"line":20,"column":35}},{"start":{"line":20,"column":39},"end":{"line":20,"column":46}}]},"4":{"loc":{"start":{"line":21,"column":13},"end":{"line":21,"column":41}},"type":"binary-expr","locations":[{"start":{"line":21,"column":13},"end":{"line":21,"column":35}},{"start":{"line":21,"column":39},"end":{"line":21,"column":41}}]},"5":{"loc":{"start":{"line":22,"column":13},"end":{"line":22,"column":41}},"type":"binary-expr","locations":[{"start":{"line":22,"column":13},"end":{"line":22,"column":35}},{"start":{"line":22,"column":39},"end":{"line":22,"column":41}}]},"6":{"loc":{"start":{"line":23,"column":13},"end":{"line":23,"column":41}},"type":"binary-expr","locations":[{"start":{"line":23,"column":13},"end":{"line":23,"column":35}},{"start":{"line":23,"column":39},"end":{"line":23,"column":41}}]},"7":{"loc":{"start":{"line":24,"column":15},"end":{"line":24,"column":45}},"type":"binary-expr","locations":[{"start":{"line":24,"column":15},"end":{"line":24,"column":39}},{"start":{"line":24,"column":43},"end":{"line":24,"column":45}}]},"8":{"loc":{"start":{"line":25,"column":14},"end":{"line":25,"column":43}},"type":"binary-expr","locations":[{"start":{"line":25,"column":14},"end":{"line":25,"column":37}},{"start":{"line":25,"column":41},"end":{"line":25,"column":43}}]},"9":{"loc":{"start":{"line":29,"column":0},"end":{"line":31,"column":1}},"type":"if","locations":[{"start":{"line":29,"column":0},"end":{"line":31,"column":1}},{"start":{},"end":{}}]},"10":{"loc":{"start":{"line":29,"column":4},"end":{"line":29,"column":38}},"type":"binary-expr","locations":[{"start":{"line":29,"column":4},"end":{"line":29,"column":17}},{"start":{"line":29,"column":21},"end":{"line":29,"column":38}}]}},"s":{"0":2,"1":2,"2":2,"3":2,"4":0,"5":2},"f":{},"b":{"0":[2,0],"1":[2,0],"2":[2,0],"3":[2,0],"4":[2,0],"5":[2,0],"6":[2,0],"7":[2,0],"8":[2,0],"9":[0,2],"10":[2,2]}}
,"C:\\Users\\Mulinho\\Documents\\CURSOR\\yap-chat-backend\\src\\controllers\\auth.controller.ts": {"path":"C:\\Users\\Mulinho\\Documents\\CURSOR\\yap-chat-backend\\src\\controllers\\auth.controller.ts","statementMap":{"0":{"start":{"line":2,"column":0},"end":{"line":2,"column":51}},"1":{"start":{"line":3,"column":0},"end":{"line":3,"column":38}},"2":{"start":{"line":11,"column":4},"end":{"line":25,"column":5}},"3":{"start":{"line":12,"column":23},"end":{"line":12,"column":63}},"4":{"start":{"line":13,"column":6},"end":{"line":22,"column":7}},"5":{"start":{"line":14,"column":8},"end":{"line":14,"column":51}},"6":{"start":{"line":16,"column":8},"end":{"line":16,"column":30}},"7":{"start":{"line":17,"column":8},"end":{"line":21,"column":11}},"8":{"start":{"line":24,"column":6},"end":{"line":24,"column":18}},"9":{"start":{"line":29,"column":4},"end":{"line":40,"column":5}},"10":{"start":{"line":30,"column":23},"end":{"line":30,"column":60}},"11":{"start":{"line":32,"column":6},"end":{"line":37,"column":9}},"12":{"start":{"line":39,"column":6},"end":{"line":39,"column":18}},"13":{"start":{"line":48,"column":4},"end":{"line":62,"column":5}},"14":{"start":{"line":50,"column":20},"end":{"line":50,"column":53}},"15":{"start":{"line":51,"column":6},"end":{"line":57,"column":7}},"16":{"start":{"line":52,"column":8},"end":{"line":56,"column":11}},"17":{"start":{"line":58,"column":23},"end":{"line":58,"column":59}},"18":{"start":{"line":59,"column":6},"end":{"line":59,"column":85}},"19":{"start":{"line":61,"column":6},"end":{"line":61,"column":18}},"20":{"start":{"line":71,"column":4},"end":{"line":88,"column":5}},"21":{"start":{"line":72,"column":23},"end":{"line":72,"column":35}},"22":{"start":{"line":73,"column":6},"end":{"line":79,"column":7}},"23":{"start":{"line":74,"column":8},"end":{"line":78,"column":11}},"24":{"start":{"line":81,"column":6},"end":{"line":85,"column":9}},"25":{"start":{"line":87,"column":6},"end":{"line":87,"column":18}},"26":{"start":{"line":96,"column":4},"end":{"line":105,"column":5}},"27":{"start":{"line":97,"column":21},"end":{"line":97,"column":40}},"28":{"start":{"line":98,"column":31},"end":{"line":98,"column":43}},"29":{"start":{"line":100,"column":21},"end":{"line":100,"column":78}},"30":{"start":{"line":102,"column":6},"end":{"line":102,"column":40}},"31":{"start":{"line":104,"column":6},"end":{"line":104,"column":18}},"32":{"start":{"line":113,"column":4},"end":{"line":129,"column":5}},"33":{"start":{"line":114,"column":24},"end":{"line":114,"column":37}},"34":{"start":{"line":115,"column":21},"end":{"line":115,"column":40}},"35":{"start":{"line":117,"column":6},"end":{"line":122,"column":7}},"36":{"start":{"line":118,"column":8},"end":{"line":121,"column":11}},"37":{"start":{"line":124,"column":21},"end":{"line":124,"column":65}},"38":{"start":{"line":126,"column":6},"end":{"line":126,"column":40}},"39":{"start":{"line":128,"column":6},"end":{"line":128,"column":18}},"40":{"start":{"line":133,"column":0},"end":{"line":133,"column":30}}},"fnMap":{"0":{"name":"(anonymous_1)","decl":{"start":{"line":6,"column":2},"end":{"line":6,"column":8}},"loc":{"start":{"line":9,"column":22},"end":{"line":26,"column":3}}},"1":{"name":"(anonymous_2)","decl":{"start":{"line":28,"column":2},"end":{"line":28,"column":8}},"loc":{"start":{"line":28,"column":77},"end":{"line":41,"column":3}}},"2":{"name":"(anonymous_3)","decl":{"start":{"line":43,"column":2},"end":{"line":43,"column":8}},"loc":{"start":{"line":46,"column":22},"end":{"line":63,"column":3}}},"3":{"name":"(anonymous_4)","decl":{"start":{"line":65,"column":2},"end":{"line":65,"column":8}},"loc":{"start":{"line":68,"column":22},"end":{"line":89,"column":3}}},"4":{"name":"(anonymous_5)","decl":{"start":{"line":91,"column":2},"end":{"line":91,"column":8}},"loc":{"start":{"line":94,"column":22},"end":{"line":106,"column":3}}},"5":{"name":"(anonymous_6)","decl":{"start":{"line":108,"column":2},"end":{"line":108,"column":8}},"loc":{"start":{"line":111,"column":22},"end":{"line":130,"column":3}}}},"branchMap":{"0":{"loc":{"start":{"line":13,"column":6},"end":{"line":22,"column":7}},"type":"if","locations":[{"start":{"line":13,"column":6},"end":{"line":22,"column":7}},{"start":{"line":15,"column":13},"end":{"line":22,"column":7}}]},"1":{"loc":{"start":{"line":13,"column":10},"end":{"line":13,"column":43}},"type":"binary-expr","locations":[{"start":{"line":13,"column":10},"end":{"line":13,"column":26}},{"start":{"line":13,"column":30},"end":{"line":13,"column":43}}]},"2":{"loc":{"start":{"line":51,"column":6},"end":{"line":57,"column":7}},"type":"if","locations":[{"start":{"line":51,"column":6},"end":{"line":57,"column":7}},{"start":{},"end":{}}]},"3":{"loc":{"start":{"line":73,"column":6},"end":{"line":79,"column":7}},"type":"if","locations":[{"start":{"line":73,"column":6},"end":{"line":79,"column":7}},{"start":{},"end":{}}]},"4":{"loc":{"start":{"line":117,"column":6},"end":{"line":122,"column":7}},"type":"if","locations":[{"start":{"line":117,"column":6},"end":{"line":122,"column":7}},{"start":{},"end":{}}]},"5":{"loc":{"start":{"line":117,"column":10},"end":{"line":117,"column":45}},"type":"binary-expr","locations":[{"start":{"line":117,"column":10},"end":{"line":117,"column":16}},{"start":{"line":117,"column":20},"end":{"line":117,"column":45}}]}},"s":{"0":1,"1":1,"2":2,"3":2,"4":1,"5":1,"6":0,"7":0,"8":1,"9":2,"10":2,"11":0,"12":2,"13":0,"14":0,"15":0,"16":0,"17":0,"18":0,"19":0,"20":0,"21":0,"22":0,"23":0,"24":0,"25":0,"26":0,"27":0,"28":0,"29":0,"30":0,"31":0,"32":0,"33":0,"34":0,"35":0,"36":0,"37":0,"38":0,"39":0,"40":1},"f":{"0":2,"1":2,"2":0,"3":0,"4":0,"5":0},"b":{"0":[1,0],"1":[1,1],"2":[0,0],"3":[0,0],"4":[0,0],"5":[0,0]}}
,"C:\\Users\\Mulinho\\Documents\\CURSOR\\yap-chat-backend\\src\\middleware\\error.middleware.ts": {"path":"C:\\Users\\Mulinho\\Documents\\CURSOR\\yap-chat-backend\\src\\middleware\\error.middleware.ts","statementMap":{"0":{"start":{"line":2,"column":0},"end":{"line":2,"column":50}},"1":{"start":{"line":4,"column":28},"end":{"line":70,"column":1}},"2":{"start":{"line":10,"column":2},"end":{"line":15,"column":5}},"3":{"start":{"line":17,"column":2},"end":{"line":23,"column":3}},"4":{"start":{"line":18,"column":4},"end":{"line":22,"column":7}},"5":{"start":{"line":25,"column":2},"end":{"line":31,"column":3}},"6":{"start":{"line":26,"column":4},"end":{"line":30,"column":7}},"7":{"start":{"line":33,"column":2},"end":{"line":38,"column":3}},"8":{"start":{"line":34,"column":4},"end":{"line":37,"column":7}},"9":{"start":{"line":40,"column":2},"end":{"line":46,"column":3}},"10":{"start":{"line":41,"column":18},"end":{"line":41,"column":55}},"11":{"start":{"line":42,"column":4},"end":{"line":45,"column":7}},"12":{"start":{"line":48,"column":2},"end":{"line":53,"column":3}},"13":{"start":{"line":49,"column":4},"end":{"line":52,"column":7}},"14":{"start":{"line":55,"column":2},"end":{"line":60,"column":3}},"15":{"start":{"line":56,"column":4},"end":{"line":59,"column":7}},"16":{"start":{"line":62,"column":2},"end":{"line":69,"column":5}},"17":{"start":{"line":4,"column":13},"end":{"line":4,"column":28}}},"fnMap":{"0":{"name":"(anonymous_0)","decl":{"start":{"line":4,"column":28},"end":{"line":4,"column":null}},"loc":{"start":{"line":9,"column":4},"end":{"line":70,"column":1}}}},"branchMap":{"0":{"loc":{"start":{"line":12,"column":11},"end":{"line":12,"column":73}},"type":"cond-expr","locations":[{"start":{"line":12,"column":52},"end":{"line":12,"column":61}},{"start":{"line":12,"column":64},"end":{"line":12,"column":73}}]},"1":{"loc":{"start":{"line":17,"column":2},"end":{"line":23,"column":3}},"type":"if","locations":[{"start":{"line":17,"column":2},"end":{"line":23,"column":3}},{"start":{},"end":{}}]},"2":{"loc":{"start":{"line":21,"column":10},"end":{"line":21,"column":72}},"type":"binary-expr","locations":[{"start":{"line":21,"column":10},"end":{"line":21,"column":48}},{"start":{"line":21,"column":52},"end":{"line":21,"column":72}}]},"3":{"loc":{"start":{"line":25,"column":2},"end":{"line":31,"column":3}},"type":"if","locations":[{"start":{"line":25,"column":2},"end":{"line":31,"column":3}},{"start":{},"end":{}}]},"4":{"loc":{"start":{"line":33,"column":2},"end":{"line":38,"column":3}},"type":"if","locations":[{"start":{"line":33,"column":2},"end":{"line":38,"column":3}},{"start":{},"end":{}}]},"5":{"loc":{"start":{"line":40,"column":2},"end":{"line":46,"column":3}},"type":"if","locations":[{"start":{"line":40,"column":2},"end":{"line":46,"column":3}},{"start":{},"end":{}}]},"6":{"loc":{"start":{"line":48,"column":2},"end":{"line":53,"column":3}},"type":"if","locations":[{"start":{"line":48,"column":2},"end":{"line":53,"column":3}},{"start":{},"end":{}}]},"7":{"loc":{"start":{"line":55,"column":2},"end":{"line":60,"column":3}},"type":"if","locations":[{"start":{"line":55,"column":2},"end":{"line":60,"column":3}},{"start":{},"end":{}}]},"8":{"loc":{"start":{"line":65,"column":6},"end":{"line":67,"column":33}},"type":"cond-expr","locations":[{"start":{"line":66,"column":10},"end":{"line":66,"column":21}},{"start":{"line":67,"column":10},"end":{"line":67,"column":33}}]},"9":{"loc":{"start":{"line":68,"column":8},"end":{"line":68,"column":70}},"type":"binary-expr","locations":[{"start":{"line":68,"column":8},"end":{"line":68,"column":46}},{"start":{"line":68,"column":50},"end":{"line":68,"column":70}}]}},"s":{"0":1,"1":1,"2":3,"3":3,"4":3,"5":0,"6":0,"7":0,"8":0,"9":0,"10":0,"11":0,"12":0,"13":0,"14":0,"15":0,"16":0,"17":1},"f":{"0":3},"b":{"0":[0,3],"1":[3,0],"2":[3,0],"3":[0,0],"4":[0,0],"5":[0,0],"6":[0,0],"7":[0,0],"8":[0,0],"9":[0,0]}}
,"C:\\Users\\Mulinho\\Documents\\CURSOR\\yap-chat-backend\\src\\middleware\\validator.middleware.ts": {"path":"C:\\Users\\Mulinho\\Documents\\CURSOR\\yap-chat-backend\\src\\middleware\\validator.middleware.ts","statementMap":{"0":{"start":{"line":2,"column":0},"end":{"line":2,"column":66}},"1":{"start":{"line":4,"column":31},"end":{"line":20,"column":1}},"2":{"start":{"line":9,"column":17},"end":{"line":9,"column":38}},"3":{"start":{"line":11,"column":2},"end":{"line":17,"column":3}},"4":{"start":{"line":12,"column":4},"end":{"line":16,"column":7}},"5":{"start":{"line":19,"column":2},"end":{"line":19,"column":9}},"6":{"start":{"line":24,"column":13},"end":{"line":47,"column":2}},"7":{"start":{"line":49,"column":13},"end":{"line":61,"column":2}},"8":{"start":{"line":63,"column":13},"end":{"line":72,"column":2}},"9":{"start":{"line":74,"column":13},"end":{"line":85,"column":2}},"10":{"start":{"line":87,"column":13},"end":{"line":98,"column":2}},"11":{"start":{"line":100,"column":13},"end":{"line":124,"column":2}},"12":{"start":{"line":115,"column":19},"end":{"line":115,"column":40}},"13":{"start":{"line":116,"column":4},"end":{"line":121,"column":5}},"14":{"start":{"line":117,"column":6},"end":{"line":120,"column":9}},"15":{"start":{"line":122,"column":4},"end":{"line":122,"column":11}},"16":{"start":{"line":126,"column":13},"end":{"line":139,"column":2}},"17":{"start":{"line":130,"column":19},"end":{"line":130,"column":40}},"18":{"start":{"line":131,"column":4},"end":{"line":136,"column":5}},"19":{"start":{"line":132,"column":6},"end":{"line":135,"column":9}},"20":{"start":{"line":137,"column":4},"end":{"line":137,"column":11}},"21":{"start":{"line":141,"column":13},"end":{"line":154,"column":2}},"22":{"start":{"line":145,"column":19},"end":{"line":145,"column":40}},"23":{"start":{"line":146,"column":4},"end":{"line":151,"column":5}},"24":{"start":{"line":147,"column":6},"end":{"line":150,"column":9}},"25":{"start":{"line":152,"column":4},"end":{"line":152,"column":11}},"26":{"start":{"line":156,"column":13},"end":{"line":175,"column":2}},"27":{"start":{"line":166,"column":19},"end":{"line":166,"column":40}},"28":{"start":{"line":167,"column":4},"end":{"line":172,"column":5}},"29":{"start":{"line":168,"column":6},"end":{"line":171,"column":9}},"30":{"start":{"line":173,"column":4},"end":{"line":173,"column":11}},"31":{"start":{"line":177,"column":13},"end":{"line":196,"column":2}},"32":{"start":{"line":187,"column":19},"end":{"line":187,"column":40}},"33":{"start":{"line":188,"column":4},"end":{"line":193,"column":5}},"34":{"start":{"line":189,"column":6},"end":{"line":192,"column":9}},"35":{"start":{"line":194,"column":4},"end":{"line":194,"column":11}}},"fnMap":{"0":{"name":"(anonymous_0)","decl":{"start":{"line":4,"column":31},"end":{"line":4,"column":null}},"loc":{"start":{"line":8,"column":4},"end":{"line":20,"column":1}}},"1":{"name":"(anonymous_1)","decl":{"start":{"line":114,"column":2},"end":{"line":114,"column":3}},"loc":{"start":{"line":114,"column":54},"end":{"line":123,"column":3}}},"2":{"name":"(anonymous_2)","decl":{"start":{"line":129,"column":2},"end":{"line":129,"column":3}},"loc":{"start":{"line":129,"column":54},"end":{"line":138,"column":3}}},"3":{"name":"(anonymous_3)","decl":{"start":{"line":144,"column":2},"end":{"line":144,"column":3}},"loc":{"start":{"line":144,"column":54},"end":{"line":153,"column":3}}},"4":{"name":"(anonymous_4)","decl":{"start":{"line":165,"column":2},"end":{"line":165,"column":3}},"loc":{"start":{"line":165,"column":54},"end":{"line":174,"column":3}}},"5":{"name":"(anonymous_5)","decl":{"start":{"line":186,"column":2},"end":{"line":186,"column":3}},"loc":{"start":{"line":186,"column":54},"end":{"line":195,"column":3}}}},"branchMap":{"0":{"loc":{"start":{"line":11,"column":2},"end":{"line":17,"column":3}},"type":"if","locations":[{"start":{"line":11,"column":2},"end":{"line":17,"column":3}},{"start":{},"end":{}}]},"1":{"loc":{"start":{"line":116,"column":4},"end":{"line":121,"column":5}},"type":"if","locations":[{"start":{"line":116,"column":4},"end":{"line":121,"column":5}},{"start":{},"end":{}}]},"2":{"loc":{"start":{"line":131,"column":4},"end":{"line":136,"column":5}},"type":"if","locations":[{"start":{"line":131,"column":4},"end":{"line":136,"column":5}},{"start":{},"end":{}}]},"3":{"loc":{"start":{"line":146,"column":4},"end":{"line":151,"column":5}},"type":"if","locations":[{"start":{"line":146,"column":4},"end":{"line":151,"column":5}},{"start":{},"end":{}}]},"4":{"loc":{"start":{"line":167,"column":4},"end":{"line":172,"column":5}},"type":"if","locations":[{"start":{"line":167,"column":4},"end":{"line":172,"column":5}},{"start":{},"end":{}}]},"5":{"loc":{"start":{"line":188,"column":4},"end":{"line":193,"column":5}},"type":"if","locations":[{"start":{"line":188,"column":4},"end":{"line":193,"column":5}},{"start":{},"end":{}}]}},"s":{"0":1,"1":1,"2":4,"3":4,"4":0,"5":4,"6":1,"7":1,"8":1,"9":1,"10":1,"11":1,"12":0,"13":0,"14":0,"15":0,"16":1,"17":0,"18":0,"19":0,"20":0,"21":1,"22":0,"23":0,"24":0,"25":0,"26":1,"27":0,"28":0,"29":0,"30":0,"31":1,"32":0,"33":0,"34":0,"35":0},"f":{"0":4,"1":0,"2":0,"3":0,"4":0,"5":0},"b":{"0":[0,4],"1":[0,0],"2":[0,0],"3":[0,0],"4":[0,0],"5":[0,0]}}
,"C:\\Users\\Mulinho\\Documents\\CURSOR\\yap-chat-backend\\src\\models\\User.model.ts": {"path":"C:\\Users\\Mulinho\\Documents\\CURSOR\\yap-chat-backend\\src\\models\\User.model.ts","statementMap":{"0":{"start":{"line":1,"column":0},"end":{"line":1,"column":32}},"1":{"start":{"line":3,"column":0},"end":{"line":3,"column":52}},"2":{"start":{"line":5,"column":20},"end":{"line":48,"column":2}},"3":{"start":{"line":50,"column":14},"end":{"line":50,"column":57}},"4":{"start":{"line":52,"column":0},"end":{"line":52,"column":21}}},"fnMap":{},"branchMap":{},"s":{"0":1,"1":1,"2":1,"3":1,"4":1},"f":{},"b":{}}
,"C:\\Users\\Mulinho\\Documents\\CURSOR\\yap-chat-backend\\src\\repositories\\user.repository.ts": {"path":"C:\\Users\\Mulinho\\Documents\\CURSOR\\yap-chat-backend\\src\\repositories\\user.repository.ts","statementMap":{"0":{"start":{"line":2,"column":0},"end":{"line":2,"column":41}},"1":{"start":{"line":7,"column":4},"end":{"line":12,"column":5}},"2":{"start":{"line":8,"column":6},"end":{"line":8,"column":45}},"3":{"start":{"line":10,"column":6},"end":{"line":10,"column":74}},"4":{"start":{"line":11,"column":6},"end":{"line":11,"column":18}},"5":{"start":{"line":19,"column":4},"end":{"line":32,"column":5}},"6":{"start":{"line":21,"column":6},"end":{"line":27,"column":7}},"7":{"start":{"line":22,"column":8},"end":{"line":24,"column":18}},"8":{"start":{"line":26,"column":8},"end":{"line":26,"column":69}},"9":{"start":{"line":28,"column":6},"end":{"line":28,"column":25}},"10":{"start":{"line":30,"column":6},"end":{"line":30,"column":78}},"11":{"start":{"line":31,"column":6},"end":{"line":31,"column":18}},"12":{"start":{"line":36,"column":4},"end":{"line":41,"column":5}},"13":{"start":{"line":37,"column":6},"end":{"line":37,"column":60}},"14":{"start":{"line":39,"column":6},"end":{"line":39,"column":78}},"15":{"start":{"line":40,"column":6},"end":{"line":40,"column":18}},"16":{"start":{"line":48,"column":4},"end":{"line":57,"column":5}},"17":{"start":{"line":49,"column":6},"end":{"line":53,"column":28}},"18":{"start":{"line":55,"column":6},"end":{"line":55,"column":79}},"19":{"start":{"line":56,"column":6},"end":{"line":56,"column":18}},"20":{"start":{"line":61,"column":4},"end":{"line":66,"column":5}},"21":{"start":{"line":62,"column":6},"end":{"line":62,"column":69}},"22":{"start":{"line":64,"column":6},"end":{"line":64,"column":77}},"23":{"start":{"line":65,"column":6},"end":{"line":65,"column":18}},"24":{"start":{"line":70,"column":4},"end":{"line":78,"column":5}},"25":{"start":{"line":71,"column":6},"end":{"line":71,"column":48}},"26":{"start":{"line":73,"column":6},"end":{"line":76,"column":8}},"27":{"start":{"line":77,"column":6},"end":{"line":77,"column":18}},"28":{"start":{"line":82,"column":4},"end":{"line":87,"column":5}},"29":{"start":{"line":83,"column":6},"end":{"line":83,"column":77}},"30":{"start":{"line":85,"column":6},"end":{"line":85,"column":78}},"31":{"start":{"line":86,"column":6},"end":{"line":86,"column":18}},"32":{"start":{"line":91,"column":4},"end":{"line":105,"column":5}},"33":{"start":{"line":92,"column":6},"end":{"line":101,"column":19}},"34":{"start":{"line":103,"column":6},"end":{"line":103,"column":78}},"35":{"start":{"line":104,"column":6},"end":{"line":104,"column":18}},"36":{"start":{"line":109,"column":0},"end":{"line":109,"column":30}}},"fnMap":{"0":{"name":"(anonymous_1)","decl":{"start":{"line":6,"column":2},"end":{"line":6,"column":8}},"loc":{"start":{"line":6,"column":41},"end":{"line":13,"column":3}}},"1":{"name":"(anonymous_2)","decl":{"start":{"line":15,"column":2},"end":{"line":15,"column":8}},"loc":{"start":{"line":17,"column":36},"end":{"line":33,"column":3}}},"2":{"name":"(anonymous_3)","decl":{"start":{"line":35,"column":2},"end":{"line":35,"column":8}},"loc":{"start":{"line":35,"column":55},"end":{"line":42,"column":3}}},"3":{"name":"(anonymous_4)","decl":{"start":{"line":44,"column":2},"end":{"line":44,"column":8}},"loc":{"start":{"line":46,"column":51},"end":{"line":58,"column":3}}},"4":{"name":"(anonymous_5)","decl":{"start":{"line":60,"column":2},"end":{"line":60,"column":8}},"loc":{"start":{"line":60,"column":53},"end":{"line":67,"column":3}}},"5":{"name":"(anonymous_6)","decl":{"start":{"line":69,"column":2},"end":{"line":69,"column":8}},"loc":{"start":{"line":69,"column":27},"end":{"line":79,"column":3}}},"6":{"name":"(anonymous_7)","decl":{"start":{"line":81,"column":2},"end":{"line":81,"column":8}},"loc":{"start":{"line":81,"column":52},"end":{"line":88,"column":3}}},"7":{"name":"(anonymous_8)","decl":{"start":{"line":90,"column":2},"end":{"line":90,"column":8}},"loc":{"start":{"line":90,"column":63},"end":{"line":106,"column":3}}}},"branchMap":{"0":{"loc":{"start":{"line":17,"column":4},"end":{"line":17,"column":36}},"type":"default-arg","locations":[{"start":{"line":17,"column":31},"end":{"line":17,"column":36}}]},"1":{"loc":{"start":{"line":21,"column":6},"end":{"line":27,"column":7}},"type":"if","locations":[{"start":{"line":21,"column":6},"end":{"line":27,"column":7}},{"start":{"line":25,"column":13},"end":{"line":27,"column":7}}]}},"s":{"0":1,"1":0,"2":0,"3":0,"4":0,"5":0,"6":0,"7":0,"8":0,"9":0,"10":0,"11":0,"12":0,"13":0,"14":0,"15":0,"16":0,"17":0,"18":0,"19":0,"20":0,"21":0,"22":0,"23":0,"24":0,"25":0,"26":0,"27":0,"28":0,"29":0,"30":0,"31":0,"32":0,"33":0,"34":0,"35":0,"36":1},"f":{"0":0,"1":0,"2":0,"3":0,"4":0,"5":0,"6":0,"7":0},"b":{"0":[0],"1":[0,0]}}
,"C:\\Users\\Mulinho\\Documents\\CURSOR\\yap-chat-backend\\src\\services\\auth.service.ts": {"path":"C:\\Users\\Mulinho\\Documents\\CURSOR\\yap-chat-backend\\src\\services\\auth.service.ts","statementMap":{"0":{"start":{"line":1,"column":0},"end":{"line":1,"column":61}},"1":{"start":{"line":3,"column":0},"end":{"line":3,"column":60}},"2":{"start":{"line":4,"column":0},"end":{"line":4,"column":50}},"3":{"start":{"line":5,"column":0},"end":{"line":5,"column":59}},"4":{"start":{"line":6,"column":0},"end":{"line":6,"column":30}},"5":{"start":{"line":7,"column":0},"end":{"line":7,"column":null}},"6":{"start":{"line":17,"column":4},"end":{"line":19,"column":5}},"7":{"start":{"line":18,"column":6},"end":{"line":18,"column":59}},"8":{"start":{"line":20,"column":21},"end":{"line":20,"column":77}},"9":{"start":{"line":21,"column":4},"end":{"line":23,"column":5}},"10":{"start":{"line":22,"column":6},"end":{"line":22,"column":54}},"11":{"start":{"line":24,"column":27},"end":{"line":24,"column":71}},"12":{"start":{"line":25,"column":30},"end":{"line":25,"column":51}},"13":{"start":{"line":26,"column":17},"end":{"line":34,"column":6}},"14":{"start":{"line":35,"column":4},"end":{"line":37,"column":5}},"15":{"start":{"line":36,"column":6},"end":{"line":36,"column":59}},"16":{"start":{"line":38,"column":4},"end":{"line":38,"column":65}},"17":{"start":{"line":39,"column":64},"end":{"line":39,"column":68}},"18":{"start":{"line":40,"column":4},"end":{"line":44,"column":6}},"19":{"start":{"line":48,"column":4},"end":{"line":50,"column":5}},"20":{"start":{"line":49,"column":6},"end":{"line":49,"column":59}},"21":{"start":{"line":51,"column":17},"end":{"line":51,"column":76}},"22":{"start":{"line":52,"column":4},"end":{"line":54,"column":5}},"23":{"start":{"line":53,"column":6},"end":{"line":53,"column":48}},"24":{"start":{"line":55,"column":30},"end":{"line":57,"column":null}},"25":{"start":{"line":59,"column":4},"end":{"line":61,"column":5}},"26":{"start":{"line":60,"column":6},"end":{"line":60,"column":56}},"27":{"start":{"line":62,"column":4},"end":{"line":64,"column":5}},"28":{"start":{"line":63,"column":6},"end":{"line":63,"column":55}},"29":{"start":{"line":65,"column":18},"end":{"line":68,"column":6}},"30":{"start":{"line":69,"column":38},"end":{"line":69,"column":42}},"31":{"start":{"line":70,"column":4},"end":{"line":75,"column":6}},"32":{"start":{"line":79,"column":4},"end":{"line":79,"column":59}},"33":{"start":{"line":79,"column":16},"end":{"line":79,"column":59}},"34":{"start":{"line":81,"column":17},"end":{"line":81,"column":68}},"35":{"start":{"line":82,"column":4},"end":{"line":82,"column":56}},"36":{"start":{"line":82,"column":15},"end":{"line":82,"column":56}},"37":{"start":{"line":83,"column":4},"end":{"line":83,"column":27}},"38":{"start":{"line":84,"column":4},"end":{"line":84,"column":39}},"39":{"start":{"line":85,"column":4},"end":{"line":85,"column":22}},"40":{"start":{"line":86,"column":38},"end":{"line":86,"column":53}},"41":{"start":{"line":88,"column":4},"end":{"line":92,"column":6}},"42":{"start":{"line":96,"column":4},"end":{"line":98,"column":5}},"43":{"start":{"line":97,"column":6},"end":{"line":97,"column":63}},"44":{"start":{"line":99,"column":24},"end":{"line":99,"column":76}},"45":{"start":{"line":100,"column":4},"end":{"line":102,"column":5}},"46":{"start":{"line":101,"column":6},"end":{"line":101,"column":48}},"47":{"start":{"line":103,"column":4},"end":{"line":107,"column":6}},"48":{"start":{"line":111,"column":4},"end":{"line":113,"column":5}},"49":{"start":{"line":112,"column":6},"end":{"line":112,"column":71}},"50":{"start":{"line":115,"column":18},"end":{"line":115,"column":79}},"51":{"start":{"line":117,"column":4},"end":{"line":120,"column":6}},"52":{"start":{"line":124,"column":0},"end":{"line":124,"column":27}}},"fnMap":{"0":{"name":"(anonymous_1)","decl":{"start":{"line":16,"column":2},"end":{"line":16,"column":8}},"loc":{"start":{"line":16,"column":49},"end":{"line":45,"column":3}}},"1":{"name":"(anonymous_2)","decl":{"start":{"line":47,"column":2},"end":{"line":47,"column":8}},"loc":{"start":{"line":47,"column":40},"end":{"line":76,"column":3}}},"2":{"name":"(anonymous_3)","decl":{"start":{"line":78,"column":2},"end":{"line":78,"column":8}},"loc":{"start":{"line":78,"column":40},"end":{"line":93,"column":3}}},"3":{"name":"(anonymous_4)","decl":{"start":{"line":95,"column":2},"end":{"line":95,"column":8}},"loc":{"start":{"line":95,"column":74},"end":{"line":108,"column":3}}},"4":{"name":"(anonymous_5)","decl":{"start":{"line":110,"column":2},"end":{"line":110,"column":8}},"loc":{"start":{"line":110,"column":63},"end":{"line":121,"column":3}}}},"branchMap":{"0":{"loc":{"start":{"line":17,"column":4},"end":{"line":19,"column":5}},"type":"if","locations":[{"start":{"line":17,"column":4},"end":{"line":19,"column":5}},{"start":{},"end":{}}]},"1":{"loc":{"start":{"line":17,"column":8},"end":{"line":17,"column":75}},"type":"binary-expr","locations":[{"start":{"line":17,"column":8},"end":{"line":17,"column":26}},{"start":{"line":17,"column":30},"end":{"line":17,"column":49}},{"start":{"line":17,"column":53},"end":{"line":17,"column":75}}]},"2":{"loc":{"start":{"line":21,"column":4},"end":{"line":23,"column":5}},"type":"if","locations":[{"start":{"line":21,"column":4},"end":{"line":23,"column":5}},{"start":{},"end":{}}]},"3":{"loc":{"start":{"line":35,"column":4},"end":{"line":37,"column":5}},"type":"if","locations":[{"start":{"line":35,"column":4},"end":{"line":37,"column":5}},{"start":{},"end":{}}]},"4":{"loc":{"start":{"line":48,"column":4},"end":{"line":50,"column":5}},"type":"if","locations":[{"start":{"line":48,"column":4},"end":{"line":50,"column":5}},{"start":{},"end":{}}]},"5":{"loc":{"start":{"line":48,"column":8},"end":{"line":48,"column":47}},"type":"binary-expr","locations":[{"start":{"line":48,"column":8},"end":{"line":48,"column":24}},{"start":{"line":48,"column":28},"end":{"line":48,"column":47}}]},"6":{"loc":{"start":{"line":52,"column":4},"end":{"line":54,"column":5}},"type":"if","locations":[{"start":{"line":52,"column":4},"end":{"line":54,"column":5}},{"start":{},"end":{}}]},"7":{"loc":{"start":{"line":59,"column":4},"end":{"line":61,"column":5}},"type":"if","locations":[{"start":{"line":59,"column":4},"end":{"line":61,"column":5}},{"start":{},"end":{}}]},"8":{"loc":{"start":{"line":62,"column":4},"end":{"line":64,"column":5}},"type":"if","locations":[{"start":{"line":62,"column":4},"end":{"line":64,"column":5}},{"start":{},"end":{}}]},"9":{"loc":{"start":{"line":79,"column":4},"end":{"line":79,"column":59}},"type":"if","locations":[{"start":{"line":79,"column":4},"end":{"line":79,"column":59}},{"start":{},"end":{}}]},"10":{"loc":{"start":{"line":82,"column":4},"end":{"line":82,"column":56}},"type":"if","locations":[{"start":{"line":82,"column":4},"end":{"line":82,"column":56}},{"start":{},"end":{}}]},"11":{"loc":{"start":{"line":96,"column":4},"end":{"line":98,"column":5}},"type":"if","locations":[{"start":{"line":96,"column":4},"end":{"line":98,"column":5}},{"start":{},"end":{}}]},"12":{"loc":{"start":{"line":96,"column":8},"end":{"line":96,"column":48}},"type":"binary-expr","locations":[{"start":{"line":96,"column":8},"end":{"line":96,"column":25}},{"start":{"line":96,"column":29},"end":{"line":96,"column":48}}]},"13":{"loc":{"start":{"line":100,"column":4},"end":{"line":102,"column":5}},"type":"if","locations":[{"start":{"line":100,"column":4},"end":{"line":102,"column":5}},{"start":{},"end":{}}]},"14":{"loc":{"start":{"line":111,"column":4},"end":{"line":113,"column":5}},"type":"if","locations":[{"start":{"line":111,"column":4},"end":{"line":113,"column":5}},{"start":{},"end":{}}]},"15":{"loc":{"start":{"line":111,"column":8},"end":{"line":111,"column":41}},"type":"binary-expr","locations":[{"start":{"line":111,"column":8},"end":{"line":111,"column":14}},{"start":{"line":111,"column":18},"end":{"line":111,"column":41}}]}},"s":{"0":1,"1":1,"2":1,"3":1,"4":1,"5":1,"6":0,"7":0,"8":0,"9":0,"10":0,"11":0,"12":0,"13":0,"14":0,"15":0,"16":0,"17":0,"18":0,"19":0,"20":0,"21":0,"22":0,"23":0,"24":0,"25":0,"26":0,"27":0,"28":0,"29":0,"30":0,"31":0,"32":0,"33":0,"34":0,"35":0,"36":0,"37":0,"38":0,"39":0,"40":0,"41":0,"42":0,"43":0,"44":0,"45":0,"46":0,"47":0,"48":0,"49":0,"50":0,"51":0,"52":1},"f":{"0":0,"1":0,"2":0,"3":0,"4":0},"b":{"0":[0,0],"1":[0,0,0],"2":[0,0],"3":[0,0],"4":[0,0],"5":[0,0],"6":[0,0],"7":[0,0],"8":[0,0],"9":[0,0],"10":[0,0],"11":[0,0],"12":[0,0],"13":[0,0],"14":[0,0],"15":[0,0]}}
,"C:\\Users\\Mulinho\\Documents\\CURSOR\\yap-chat-backend\\src\\utils\\appError.util.ts": {"path":"C:\\Users\\Mulinho\\Documents\\CURSOR\\yap-chat-backend\\src\\utils\\appError.util.ts","statementMap":{"0":{"start":{"line":6,"column":4},"end":{"line":6,"column":19}},"1":{"start":{"line":7,"column":4},"end":{"line":7,"column":33}},"2":{"start":{"line":8,"column":4},"end":{"line":8,"column":30}},"3":{"start":{"line":10,"column":4},"end":{"line":10,"column":52}},"4":{"start":{"line":1,"column":0},"end":{"line":1,"column":13}},"5":{"start":{"line":16,"column":4},"end":{"line":16,"column":24}},"6":{"start":{"line":14,"column":0},"end":{"line":14,"column":13}},"7":{"start":{"line":22,"column":4},"end":{"line":22,"column":24}},"8":{"start":{"line":20,"column":0},"end":{"line":20,"column":13}},"9":{"start":{"line":28,"column":4},"end":{"line":28,"column":24}},"10":{"start":{"line":26,"column":0},"end":{"line":26,"column":13}},"11":{"start":{"line":34,"column":4},"end":{"line":34,"column":24}},"12":{"start":{"line":32,"column":0},"end":{"line":32,"column":13}},"13":{"start":{"line":40,"column":4},"end":{"line":40,"column":24}},"14":{"start":{"line":38,"column":0},"end":{"line":38,"column":13}},"15":{"start":{"line":46,"column":4},"end":{"line":46,"column":24}},"16":{"start":{"line":44,"column":0},"end":{"line":44,"column":13}}},"fnMap":{"0":{"name":"(anonymous_0)","decl":{"start":{"line":5,"column":2},"end":{"line":5,"column":14}},"loc":{"start":{"line":5,"column":49},"end":{"line":11,"column":3}}},"1":{"name":"(anonymous_1)","decl":{"start":{"line":15,"column":2},"end":{"line":15,"column":14}},"loc":{"start":{"line":15,"column":45},"end":{"line":17,"column":3}}},"2":{"name":"(anonymous_2)","decl":{"start":{"line":21,"column":2},"end":{"line":21,"column":14}},"loc":{"start":{"line":21,"column":46},"end":{"line":23,"column":3}}},"3":{"name":"(anonymous_3)","decl":{"start":{"line":27,"column":2},"end":{"line":27,"column":14}},"loc":{"start":{"line":27,"column":43},"end":{"line":29,"column":3}}},"4":{"name":"(anonymous_4)","decl":{"start":{"line":33,"column":2},"end":{"line":33,"column":14}},"loc":{"start":{"line":33,"column":43},"end":{"line":35,"column":3}}},"5":{"name":"(anonymous_5)","decl":{"start":{"line":39,"column":2},"end":{"line":39,"column":14}},"loc":{"start":{"line":39,"column":42},"end":{"line":41,"column":3}}},"6":{"name":"(anonymous_6)","decl":{"start":{"line":45,"column":2},"end":{"line":45,"column":14}},"loc":{"start":{"line":45,"column":55},"end":{"line":47,"column":3}}}},"branchMap":{"0":{"loc":{"start":{"line":15,"column":14},"end":{"line":15,"column":45}},"type":"default-arg","locations":[{"start":{"line":15,"column":32},"end":{"line":15,"column":45}}]},"1":{"loc":{"start":{"line":21,"column":14},"end":{"line":21,"column":46}},"type":"default-arg","locations":[{"start":{"line":21,"column":32},"end":{"line":21,"column":46}}]},"2":{"loc":{"start":{"line":27,"column":14},"end":{"line":27,"column":43}},"type":"default-arg","locations":[{"start":{"line":27,"column":32},"end":{"line":27,"column":43}}]},"3":{"loc":{"start":{"line":33,"column":14},"end":{"line":33,"column":43}},"type":"default-arg","locations":[{"start":{"line":33,"column":32},"end":{"line":33,"column":43}}]},"4":{"loc":{"start":{"line":39,"column":14},"end":{"line":39,"column":42}},"type":"default-arg","locations":[{"start":{"line":39,"column":32},"end":{"line":39,"column":42}}]},"5":{"loc":{"start":{"line":45,"column":14},"end":{"line":45,"column":55}},"type":"default-arg","locations":[{"start":{"line":45,"column":32},"end":{"line":45,"column":55}}]}},"s":{"0":3,"1":3,"2":3,"3":3,"4":2,"5":0,"6":2,"7":2,"8":2,"9":0,"10":2,"11":0,"12":2,"13":1,"14":2,"15":0,"16":2},"f":{"0":3,"1":0,"2":2,"3":0,"4":0,"5":1,"6":0},"b":{"0":[0],"1":[0],"2":[0],"3":[0],"4":[0],"5":[0]}}
,"C:\\Users\\Mulinho\\Documents\\CURSOR\\yap-chat-backend\\src\\utils\\crypto.util.ts": {"path":"C:\\Users\\Mulinho\\Documents\\CURSOR\\yap-chat-backend\\src\\utils\\crypto.util.ts","statementMap":{"0":{"start":{"line":1,"column":0},"end":{"line":1,"column":28}},"1":{"start":{"line":3,"column":35},"end":{"line":5,"column":1}},"2":{"start":{"line":4,"column":2},"end":{"line":4,"column":48}},"3":{"start":{"line":3,"column":13},"end":{"line":3,"column":35}}},"fnMap":{"0":{"name":"(anonymous_1)","decl":{"start":{"line":3,"column":35},"end":{"line":3,"column":46}},"loc":{"start":{"line":3,"column":48},"end":{"line":5,"column":1}}}},"branchMap":{},"s":{"0":1,"1":1,"2":0,"3":1},"f":{"0":0},"b":{}}
,"C:\\Users\\Mulinho\\Documents\\CURSOR\\yap-chat-backend\\src\\utils\\email.util.ts": {"path":"C:\\Users\\Mulinho\\Documents\\CURSOR\\yap-chat-backend\\src\\utils\\email.util.ts","statementMap":{"0":{"start":{"line":16,"column":0},"end":{"line":16,"column":7}},"1":{"start":{"line":1,"column":0},"end":{"line":1,"column":36}},"2":{"start":{"line":2,"column":0},"end":{"line":2,"column":38}},"3":{"start":{"line":4,"column":20},"end":{"line":14,"column":2}},"4":{"start":{"line":17,"column":2},"end":{"line":30,"column":3}},"5":{"start":{"line":18,"column":4},"end":{"line":26,"column":7}},"6":{"start":{"line":28,"column":4},"end":{"line":28,"column":64}},"7":{"start":{"line":29,"column":4},"end":{"line":29,"column":11}}},"fnMap":{"0":{"name":"sendVerificationEmail","decl":{"start":{"line":16,"column":22},"end":{"line":16,"column":43}},"loc":{"start":{"line":16,"column":72},"end":{"line":31,"column":1}}}},"branchMap":{},"s":{"0":1,"1":1,"2":1,"3":1,"4":0,"5":0,"6":0,"7":0},"f":{"0":0},"b":{}}
,"C:\\Users\\Mulinho\\Documents\\CURSOR\\yap-chat-backend\\src\\utils\\jwt.util.ts": {"path":"C:\\Users\\Mulinho\\Documents\\CURSOR\\yap-chat-backend\\src\\utils\\jwt.util.ts","statementMap":{"0":{"start":{"line":5,"column":0},"end":{"line":5,"column":16}},"1":{"start":{"line":20,"column":0},"end":{"line":20,"column":16}},"2":{"start":{"line":2,"column":0},"end":{"line":2,"column":31}},"3":{"start":{"line":3,"column":0},"end":{"line":3,"column":38}},"4":{"start":{"line":6,"column":2},"end":{"line":17,"column":3}},"5":{"start":{"line":7,"column":22},"end":{"line":9,"column":13}},"6":{"start":{"line":10,"column":18},"end":{"line":12,"column":6}},"7":{"start":{"line":13,"column":4},"end":{"line":13,"column":17}},"8":{"start":{"line":15,"column":4},"end":{"line":15,"column":52}},"9":{"start":{"line":16,"column":4},"end":{"line":16,"column":14}},"10":{"start":{"line":21,"column":2},"end":{"line":26,"column":3}},"11":{"start":{"line":22,"column":4},"end":{"line":22,"column":64}},"12":{"start":{"line":24,"column":4},"end":{"line":24,"column":51}},"13":{"start":{"line":25,"column":4},"end":{"line":25,"column":16}}},"fnMap":{"0":{"name":"generateToken","decl":{"start":{"line":5,"column":16},"end":{"line":5,"column":29}},"loc":{"start":{"line":5,"column":49},"end":{"line":18,"column":1}}},"1":{"name":"verifyToken","decl":{"start":{"line":20,"column":16},"end":{"line":20,"column":27}},"loc":{"start":{"line":20,"column":41},"end":{"line":27,"column":1}}}},"branchMap":{"0":{"loc":{"start":{"line":7,"column":22},"end":{"line":9,"column":13}},"type":"cond-expr","locations":[{"start":{"line":8,"column":8},"end":{"line":8,"column":37}},{"start":{"line":9,"column":8},"end":{"line":9,"column":13}}]}},"s":{"0":1,"1":1,"2":1,"3":1,"4":0,"5":0,"6":0,"7":0,"8":0,"9":0,"10":0,"11":0,"12":0,"13":0},"f":{"0":0,"1":0},"b":{"0":[0,0]}}
,"C:\\Users\\Mulinho\\Documents\\CURSOR\\yap-chat-backend\\src\\utils\\validators.ts": {"path":"C:\\Users\\Mulinho\\Documents\\CURSOR\\yap-chat-backend\\src\\utils\\validators.ts","statementMap":{"0":{"start":{"line":1,"column":0},"end":{"line":1,"column":16}},"1":{"start":{"line":3,"column":4},"end":{"line":3,"column":155}},"2":{"start":{"line":4,"column":2},"end":{"line":4,"column":46}}},"fnMap":{"0":{"name":"validateEmail","decl":{"start":{"line":1,"column":16},"end":{"line":1,"column":29}},"loc":{"start":{"line":1,"column":43},"end":{"line":5,"column":1}}}},"branchMap":{},"s":{"0":1,"1":0,"2":0},"f":{"0":0},"b":{}}
}
